<?xml version="1.0" encoding="UTF-8"?>
<!-- Generated by org.testng.reporters.JUnitReportReporter -->
<testsuite hostname="DESKTOP-434PJ4H" failures="0" tests="1" name="report_tools.repo1" time="0.514" errors="0" timestamp="2023-05-27T15:26:47 IST" skipped="0">
  <testcase classname="report_tools.repo1" name="test1" time="0.514"/>
  <system-out/>
</testsuite> <!-- report_tools.repo1 -->
