<?xml version="1.0" encoding="UTF-8"?>
<!-- Generated by org.testng.reporters.JUnitReportReporter -->
<testsuite hostname="DESKTOP-434PJ4H" failures="0" tests="1" name="report_tools.log4" time="0.079" errors="0" timestamp="2023-05-27T15:34:47 IST" skipped="0">
  <testcase classname="report_tools.log4" name="test1" time="0.079"/>
  <system-out/>
</testsuite> <!-- report_tools.log4 -->
