<?xml version="1.0" encoding="UTF-8"?>
<!-- Generated by org.testng.reporters.JUnitReportReporter -->
<testsuite hostname="DESKTOP-434PJ4H" failures="0" tests="1" name="report_tools.log3" time="0.130" errors="0" timestamp="2023-05-27T15:31:53 IST" skipped="0">
  <testcase classname="report_tools.log3" name="test1" time="0.130"/>
  <system-out/>
</testsuite> <!-- report_tools.log3 -->
