<?xml version="1.0" encoding="UTF-8"?>
<!-- Generated by org.testng.reporters.JUnitReportReporter -->
<testsuite hostname="DESKTOP-434PJ4H" failures="0" tests="1" name="test_script.Test_script1" time="29.252" errors="0" timestamp="2023-05-26T15:29:18 IST" skipped="0">
  <testcase classname="test_script.Test_script1" name="test1" time="29.252"/>
  <system-out/>
</testsuite> <!-- test_script.Test_script1 -->
